<?xml version="1.0" encoding="UTF-8"?>
<!-- Generated by org.testng.reporters.JUnitXMLReporter -->
<testsuite ignored="0" hostname="LAPTOP-R5NV1QLO" failures="0" tests="5" name="Default test" time="0.142" errors="0" timestamp="2020-09-26T22:17:24 EDT">
  <testcase classname="Testng.Loan2" name="aersonalloan" time="0.017"/>
  <testcase classname="Testng.Loan2" name="carloan" time="0.006"/>
  <testcase classname="Testng.Loan2" name="homeloan" time="0.003"/>
  <testcase classname="Testng.Loan2" name="Test" time="0.006"/>
  <testcase classname="Testng.Loan2" name="bankloan" time="0.002"/>
</testsuite> <!-- Default test -->
