<?xml version="1.0" encoding="UTF-8"?>
<!-- Generated by org.testng.reporters.JUnitXMLReporter -->
<testsuite ignored="2" hostname="LAPTOP-R5NV1QLO" failures="0" tests="2" name="Testng" time="0.084" errors="0" timestamp="2020-10-06T13:43:18 EDT">
  <testcase classname="Testng.Basic" name="Demo" time="0.013"/>
  <testcase classname="Testng.Basics2" name="Test" time="0.003"/>
  <testcase classname="Testng.Basic" name="Demo1" time="0.0">
    <ignored/>
  </testcase> <!-- Demo1 -->
  <testcase classname="Testng.Basic" name="Demo2" time="0.0">
    <ignored/>
  </testcase> <!-- Demo2 -->
</testsuite> <!-- Testng -->
