<?xml version="1.0" encoding="UTF-8"?>
<!-- Generated by org.testng.reporters.JUnitXMLReporter -->
<testsuite ignored="8" hostname="LAPTOP-R5NV1QLO" failures="0" tests="2" name="Test" time="0.128" errors="0" timestamp="2020-10-09T05:40:38 EDT">
  <testcase classname="Testng.Basic" name="Demo" time="0.026"/>
  <testcase classname="Testng.Basics2" name="Test" time="0.004"/>
  <testcase classname="Testng.Loan2" name="Test" time="0.0">
    <ignored/>
  </testcase> <!-- Test -->
  <testcase classname="Testng.Loan2" name="bankloan" time="0.0">
    <ignored/>
  </testcase> <!-- bankloan -->
  <testcase classname="Testng.Loan2" name="homeloan" time="0.0">
    <ignored/>
  </testcase> <!-- homeloan -->
  <testcase classname="Testng.Global" name="good" time="0.0">
    <ignored/>
  </testcase> <!-- good -->
  <testcase classname="Testng.Basic" name="Demo1" time="0.0">
    <ignored/>
  </testcase> <!-- Demo1 -->
  <testcase classname="Testng.Loan2" name="carloan" time="0.0">
    <ignored/>
  </testcase> <!-- carloan -->
  <testcase classname="Testng.Basic" name="Demo2" time="0.0">
    <ignored/>
  </testcase> <!-- Demo2 -->
  <testcase classname="Testng.Loan2" name="aersonalloan" time="0.0">
    <ignored/>
  </testcase> <!-- aersonalloan -->
</testsuite> <!-- Test -->
