<?xml version="1.0" encoding="UTF-8"?>
<!-- Generated by org.testng.reporters.JUnitXMLReporter -->
<testsuite ignored="1" hostname="LAPTOP-R5NV1QLO" failures="0" tests="4" name="total" time="0.039" errors="0" timestamp="2020-09-26T13:59:53 EDT">
  <testcase classname="Testng.Loan" name="bersonal" time="0.003"/>
  <testcase classname="Testng.Loan" name="pold" time="0.003"/>
  <testcase classname="Testng.Loan2" name="carloan" time="0.004"/>
  <testcase classname="Testng.Loan2" name="personalloan" time="0.002"/>
  <testcase classname="Testng.Loan2" name="homeloan" time="0.0">
    <ignored/>
  </testcase> <!-- homeloan -->
</testsuite> <!-- total -->
